Flow report for UART
Tue Nov 07 17:14:49 2023
Quartus II 64-Bit Version 13.1.0 Build 162 10/23/2013 SJ Full Version


---------------------
; Table of Contents ;
---------------------
  1. Legal Notice
  2. Flow Summary
  3. Flow Settings
  4. Flow Non-Default Global Settings
  5. Flow Elapsed Time
  6. Flow OS Summary
  7. Flow Log
  8. Flow Messages
  9. Flow Suppressed Messages



----------------
; Legal Notice ;
----------------
Copyright (C) 1991-2013 Altera Corporation
Your use of Altera Corporation's design tools, logic functions 
and other software and tools, and its AMPP partner logic 
functions, and any output files from any of the foregoing 
(including device programming or simulation files), and any 
associated documentation or information are expressly subject 
to the terms and conditions of the Altera Program License 
Subscription Agreement, Altera MegaCore Function License 
Agreement, or other applicable license agreement, including, 
without limitation, that your use is for the sole purpose of 
programming logic devices manufactured by Altera and sold by 
Altera or its authorized distributors.  Please refer to the 
applicable agreement for further details.



+----------------------------------------------------------------------------------+
; Flow Summary                                                                     ;
+------------------------------------+---------------------------------------------+
; Flow Status                        ; Successful - Tue Nov 07 17:14:49 2023       ;
; Quartus II 64-Bit Version          ; 13.1.0 Build 162 10/23/2013 SJ Full Version ;
; Revision Name                      ; UART                                        ;
; Top-level Entity Name              ; UART                                        ;
; Family                             ; Cyclone IV E                                ;
; Device                             ; EP4CE10F17C8                                ;
; Timing Models                      ; Final                                       ;
; Total logic elements               ; 88 / 10,320 ( < 1 % )                       ;
;     Total combinational functions  ; 69 / 10,320 ( < 1 % )                       ;
;     Dedicated logic registers      ; 68 / 10,320 ( < 1 % )                       ;
; Total registers                    ; 68                                          ;
; Total pins                         ; 5 / 180 ( 3 % )                             ;
; Total virtual pins                 ; 0                                           ;
; Total memory bits                  ; 0 / 423,936 ( 0 % )                         ;
; Embedded Multiplier 9-bit elements ; 0 / 46 ( 0 % )                              ;
; Total PLLs                         ; 0 / 2 ( 0 % )                               ;
+------------------------------------+---------------------------------------------+


+-----------------------------------------+
; Flow Settings                           ;
+-------------------+---------------------+
; Option            ; Setting             ;
+-------------------+---------------------+
; Start date & time ; 11/07/2023 17:14:37 ;
; Main task         ; Compilation         ;
; Revision Name     ; UART                ;
+-------------------+---------------------+


+-----------------------------------------------------------------------------------------------------------------------------+
; Flow Non-Default Global Settings                                                                                            ;
+--------------------------------------+---------------------------------------+---------------+-------------+----------------+
; Assignment Name                      ; Value                                 ; Default Value ; Entity Name ; Section Id     ;
+--------------------------------------+---------------------------------------+---------------+-------------+----------------+
; COMPILER_SIGNATURE_ID                ; 92384130831814.169934847703364        ; --            ; --          ; --             ;
; EDA_DESIGN_INSTANCE_NAME             ; NA                                    ; --            ; --          ; RX_TB          ;
; EDA_DESIGN_INSTANCE_NAME             ; NA                                    ; --            ; --          ; TX_TB          ;
; EDA_DESIGN_INSTANCE_NAME             ; NA                                    ; --            ; --          ; UART_TB        ;
; EDA_NATIVELINK_SIMULATION_TEST_BENCH ; UART_TB                               ; --            ; --          ; eda_simulation ;
; EDA_OUTPUT_DATA_FORMAT               ; Verilog Hdl                           ; --            ; --          ; eda_simulation ;
; EDA_SIMULATION_TOOL                  ; ModelSim (Verilog)                    ; <None>        ; --          ; --             ;
; EDA_TEST_BENCH_ENABLE_STATUS         ; TEST_BENCH_MODE                       ; --            ; --          ; eda_simulation ;
; EDA_TEST_BENCH_FILE                  ; ../Sim/RX_TB.v                        ; --            ; --          ; RX_TB          ;
; EDA_TEST_BENCH_FILE                  ; ../Sim/TX_TB .v                       ; --            ; --          ; TX_TB          ;
; EDA_TEST_BENCH_FILE                  ; ../Sim/UART_TB.v                      ; --            ; --          ; UART_TB        ;
; EDA_TEST_BENCH_MODULE_NAME           ; RX_TB                                 ; --            ; --          ; RX_TB          ;
; EDA_TEST_BENCH_MODULE_NAME           ; TX_TB                                 ; --            ; --          ; TX_TB          ;
; EDA_TEST_BENCH_MODULE_NAME           ; UART_TB                               ; --            ; --          ; UART_TB        ;
; EDA_TEST_BENCH_NAME                  ; RX_TB                                 ; --            ; --          ; eda_simulation ;
; EDA_TEST_BENCH_NAME                  ; TX_TB                                 ; --            ; --          ; eda_simulation ;
; EDA_TEST_BENCH_NAME                  ; UART_TB                               ; --            ; --          ; eda_simulation ;
; EDA_TEST_BENCH_RUN_SIM_FOR           ; 100 us                                ; --            ; --          ; RX_TB          ;
; EDA_TEST_BENCH_RUN_SIM_FOR           ; 1 us                                  ; --            ; --          ; TX_TB          ;
; EDA_TEST_BENCH_RUN_SIM_FOR           ; 1 ms                                  ; --            ; --          ; UART_TB        ;
; EDA_TIME_SCALE                       ; 1 ps                                  ; --            ; --          ; eda_simulation ;
; MAX_CORE_JUNCTION_TEMP               ; 85                                    ; --            ; --          ; --             ;
; MIN_CORE_JUNCTION_TEMP               ; 0                                     ; --            ; --          ; --             ;
; NOMINAL_CORE_SUPPLY_VOLTAGE          ; 1.2V                                  ; --            ; --          ; --             ;
; PARTITION_COLOR                      ; 16764057                              ; --            ; --          ; Top            ;
; PARTITION_FITTER_PRESERVATION_LEVEL  ; PLACEMENT_AND_ROUTING                 ; --            ; --          ; Top            ;
; PARTITION_NETLIST_TYPE               ; SOURCE                                ; --            ; --          ; Top            ;
; POWER_BOARD_THERMAL_MODEL            ; None (CONSERVATIVE)                   ; --            ; --          ; --             ;
; POWER_PRESET_COOLING_SOLUTION        ; 23 MM HEAT SINK WITH 200 LFPM AIRFLOW ; --            ; --          ; --             ;
; PROJECT_OUTPUT_DIRECTORY             ; output_files                          ; --            ; --          ; --             ;
+--------------------------------------+---------------------------------------+---------------+-------------+----------------+


+-------------------------------------------------------------------------------------------------------------------------------+
; Flow Elapsed Time                                                                                                             ;
+---------------------------+--------------+-------------------------+---------------------+------------------------------------+
; Module Name               ; Elapsed Time ; Average Processors Used ; Peak Virtual Memory ; Total CPU Time (on all processors) ;
+---------------------------+--------------+-------------------------+---------------------+------------------------------------+
; Analysis & Synthesis      ; 00:00:01     ; 1.0                     ; 4639 MB             ; 00:00:01                           ;
; Fitter                    ; 00:00:03     ; 1.8                     ; 5363 MB             ; 00:00:04                           ;
; Assembler                 ; 00:00:01     ; 1.0                     ; 4578 MB             ; 00:00:01                           ;
; TimeQuest Timing Analyzer ; 00:00:01     ; 1.0                     ; 4661 MB             ; 00:00:02                           ;
; EDA Netlist Writer        ; 00:00:00     ; 1.0                     ; 4552 MB             ; 00:00:01                           ;
; Total                     ; 00:00:06     ; --                      ; --                  ; 00:00:09                           ;
+---------------------------+--------------+-------------------------+---------------------+------------------------------------+


+----------------------------------------------------------------------------------------+
; Flow OS Summary                                                                        ;
+---------------------------+------------------+-----------+------------+----------------+
; Module Name               ; Machine Hostname ; OS Name   ; OS Version ; Processor type ;
+---------------------------+------------------+-----------+------------+----------------+
; Analysis & Synthesis      ; LAPTOP-Q1JQ0PRT  ; Windows 7 ; 6.2        ; x86_64         ;
; Fitter                    ; LAPTOP-Q1JQ0PRT  ; Windows 7 ; 6.2        ; x86_64         ;
; Assembler                 ; LAPTOP-Q1JQ0PRT  ; Windows 7 ; 6.2        ; x86_64         ;
; TimeQuest Timing Analyzer ; LAPTOP-Q1JQ0PRT  ; Windows 7 ; 6.2        ; x86_64         ;
; EDA Netlist Writer        ; LAPTOP-Q1JQ0PRT  ; Windows 7 ; 6.2        ; x86_64         ;
+---------------------------+------------------+-----------+------------+----------------+


------------
; Flow Log ;
------------
quartus_map --read_settings_files=on --write_settings_files=off UART -c UART
quartus_fit --read_settings_files=off --write_settings_files=off UART -c UART
quartus_asm --read_settings_files=off --write_settings_files=off UART -c UART
quartus_sta UART -c UART
quartus_eda --read_settings_files=off --write_settings_files=off UART -c UART



