Analysis & Synthesis report for ROM
Fri Nov 03 22:27:33 2023
Quartus II 64-Bit Version 13.1.0 Build 162 10/23/2013 SJ Full Version


---------------------
; Table of Contents ;
---------------------
  1. Legal Notice
  2. Analysis & Synthesis Summary
  3. Analysis & Synthesis Settings
  4. Parallel Compilation
  5. Analysis & Synthesis Source Files Read
  6. Analysis & Synthesis Resource Usage Summary
  7. Analysis & Synthesis Resource Utilization by Entity
  8. Analysis & Synthesis RAM Summary
  9. Analysis & Synthesis IP Cores Summary
 10. Registers Removed During Synthesis
 11. General Register Statistics
 12. Inverted Register Statistics
 13. Multiplexer Restructuring Statistics (Restructuring Performed)
 14. Source assignments for rom_256x8:rom_256x8_inst|altsyncram:altsyncram_component|altsyncram_vla1:auto_generated
 15. Parameter Settings for User Entity Instance: rom_256x8:rom_256x8_inst|altsyncram:altsyncram_component
 16. Parameter Settings for User Entity Instance: Seg_LED:Seg_LED_inst|Seg_Ctrl:Seg_Ctrl_inst
 17. Parameter Settings for User Entity Instance: ROM_Ctrl:ROM_Ctrl_inst
 18. altsyncram Parameter Settings by Entity Instance
 19. Port Connectivity Checks: "Seg_LED:Seg_LED_inst"
 20. Elapsed Time Per Partition
 21. Analysis & Synthesis Messages



----------------
; Legal Notice ;
----------------
Copyright (C) 1991-2013 Altera Corporation
Your use of Altera Corporation's design tools, logic functions 
and other software and tools, and its AMPP partner logic 
functions, and any output files from any of the foregoing 
(including device programming or simulation files), and any 
associated documentation or information are expressly subject 
to the terms and conditions of the Altera Program License 
Subscription Agreement, Altera MegaCore Function License 
Agreement, or other applicable license agreement, including, 
without limitation, that your use is for the sole purpose of 
programming logic devices manufactured by Altera and sold by 
Altera or its authorized distributors.  Please refer to the 
applicable agreement for further details.



+----------------------------------------------------------------------------------+
; Analysis & Synthesis Summary                                                     ;
+------------------------------------+---------------------------------------------+
; Analysis & Synthesis Status        ; Successful - Fri Nov 03 22:27:33 2023       ;
; Quartus II 64-Bit Version          ; 13.1.0 Build 162 10/23/2013 SJ Full Version ;
; Revision Name                      ; ROM                                         ;
; Top-level Entity Name              ; ROM                                         ;
; Family                             ; Cyclone IV E                                ;
; Total logic elements               ; 146                                         ;
;     Total combinational functions  ; 140                                         ;
;     Dedicated logic registers      ; 66                                          ;
; Total registers                    ; 66                                          ;
; Total pins                         ; 17                                          ;
; Total virtual pins                 ; 0                                           ;
; Total memory bits                  ; 2,048                                       ;
; Embedded Multiplier 9-bit elements ; 0                                           ;
; Total PLLs                         ; 0                                           ;
+------------------------------------+---------------------------------------------+


+----------------------------------------------------------------------------------------------------------------------+
; Analysis & Synthesis Settings                                                                                        ;
+----------------------------------------------------------------------------+--------------------+--------------------+
; Option                                                                     ; Setting            ; Default Value      ;
+----------------------------------------------------------------------------+--------------------+--------------------+
; Device                                                                     ; EP4CE10F17C8       ;                    ;
; Top-level entity name                                                      ; ROM                ; ROM                ;
; Family name                                                                ; Cyclone IV E       ; Cyclone IV GX      ;
; Use smart compilation                                                      ; Off                ; Off                ;
; Enable parallel Assembler and TimeQuest Timing Analyzer during compilation ; On                 ; On                 ;
; Enable compact report table                                                ; Off                ; Off                ;
; Restructure Multiplexers                                                   ; Auto               ; Auto               ;
; Create Debugging Nodes for IP Cores                                        ; Off                ; Off                ;
; Preserve fewer node names                                                  ; On                 ; On                 ;
; Disable OpenCore Plus hardware evaluation                                  ; Off                ; Off                ;
; Verilog Version                                                            ; Verilog_2001       ; Verilog_2001       ;
; VHDL Version                                                               ; VHDL_1993          ; VHDL_1993          ;
; State Machine Processing                                                   ; Auto               ; Auto               ;
; Safe State Machine                                                         ; Off                ; Off                ;
; Extract Verilog State Machines                                             ; On                 ; On                 ;
; Extract VHDL State Machines                                                ; On                 ; On                 ;
; Ignore Verilog initial constructs                                          ; Off                ; Off                ;
; Iteration limit for constant Verilog loops                                 ; 5000               ; 5000               ;
; Iteration limit for non-constant Verilog loops                             ; 250                ; 250                ;
; Add Pass-Through Logic to Inferred RAMs                                    ; On                 ; On                 ;
; Infer RAMs from Raw Logic                                                  ; On                 ; On                 ;
; Parallel Synthesis                                                         ; On                 ; On                 ;
; DSP Block Balancing                                                        ; Auto               ; Auto               ;
; NOT Gate Push-Back                                                         ; On                 ; On                 ;
; Power-Up Don't Care                                                        ; On                 ; On                 ;
; Remove Redundant Logic Cells                                               ; Off                ; Off                ;
; Remove Duplicate Registers                                                 ; On                 ; On                 ;
; Ignore CARRY Buffers                                                       ; Off                ; Off                ;
; Ignore CASCADE Buffers                                                     ; Off                ; Off                ;
; Ignore GLOBAL Buffers                                                      ; Off                ; Off                ;
; Ignore ROW GLOBAL Buffers                                                  ; Off                ; Off                ;
; Ignore LCELL Buffers                                                       ; Off                ; Off                ;
; Ignore SOFT Buffers                                                        ; On                 ; On                 ;
; Limit AHDL Integers to 32 Bits                                             ; Off                ; Off                ;
; Optimization Technique                                                     ; Balanced           ; Balanced           ;
; Carry Chain Length                                                         ; 70                 ; 70                 ;
; Auto Carry Chains                                                          ; On                 ; On                 ;
; Auto Open-Drain Pins                                                       ; On                 ; On                 ;
; Perform WYSIWYG Primitive Resynthesis                                      ; Off                ; Off                ;
; Auto ROM Replacement                                                       ; On                 ; On                 ;
; Auto RAM Replacement                                                       ; On                 ; On                 ;
; Auto DSP Block Replacement                                                 ; On                 ; On                 ;
; Auto Shift Register Replacement                                            ; Auto               ; Auto               ;
; Allow Shift Register Merging across Hierarchies                            ; Auto               ; Auto               ;
; Auto Clock Enable Replacement                                              ; On                 ; On                 ;
; Strict RAM Replacement                                                     ; Off                ; Off                ;
; Allow Synchronous Control Signals                                          ; On                 ; On                 ;
; Force Use of Synchronous Clear Signals                                     ; Off                ; Off                ;
; Auto RAM Block Balancing                                                   ; On                 ; On                 ;
; Auto RAM to Logic Cell Conversion                                          ; Off                ; Off                ;
; Auto Resource Sharing                                                      ; Off                ; Off                ;
; Allow Any RAM Size For Recognition                                         ; Off                ; Off                ;
; Allow Any ROM Size For Recognition                                         ; Off                ; Off                ;
; Allow Any Shift Register Size For Recognition                              ; Off                ; Off                ;
; Use LogicLock Constraints during Resource Balancing                        ; On                 ; On                 ;
; Ignore translate_off and synthesis_off directives                          ; Off                ; Off                ;
; Timing-Driven Synthesis                                                    ; On                 ; On                 ;
; Report Parameter Settings                                                  ; On                 ; On                 ;
; Report Source Assignments                                                  ; On                 ; On                 ;
; Report Connectivity Checks                                                 ; On                 ; On                 ;
; Ignore Maximum Fan-Out Assignments                                         ; Off                ; Off                ;
; Synchronization Register Chain Length                                      ; 2                  ; 2                  ;
; PowerPlay Power Optimization                                               ; Normal compilation ; Normal compilation ;
; HDL message level                                                          ; Level2             ; Level2             ;
; Suppress Register Optimization Related Messages                            ; Off                ; Off                ;
; Number of Removed Registers Reported in Synthesis Report                   ; 5000               ; 5000               ;
; Number of Swept Nodes Reported in Synthesis Report                         ; 5000               ; 5000               ;
; Number of Inverted Registers Reported in Synthesis Report                  ; 100                ; 100                ;
; Clock MUX Protection                                                       ; On                 ; On                 ;
; Auto Gated Clock Conversion                                                ; Off                ; Off                ;
; Block Design Naming                                                        ; Auto               ; Auto               ;
; SDC constraint protection                                                  ; Off                ; Off                ;
; Synthesis Effort                                                           ; Auto               ; Auto               ;
; Shift Register Replacement - Allow Asynchronous Clear Signal               ; On                 ; On                 ;
; Pre-Mapping Resynthesis Optimization                                       ; Off                ; Off                ;
; Analysis & Synthesis Message Level                                         ; Medium             ; Medium             ;
; Disable Register Merging Across Hierarchies                                ; Auto               ; Auto               ;
; Resource Aware Inference For Block RAM                                     ; On                 ; On                 ;
; Synthesis Seed                                                             ; 1                  ; 1                  ;
+----------------------------------------------------------------------------+--------------------+--------------------+


+------------------------------------------+
; Parallel Compilation                     ;
+----------------------------+-------------+
; Processors                 ; Number      ;
+----------------------------+-------------+
; Number detected on machine ; 8           ;
; Maximum allowed            ; 4           ;
;                            ;             ;
; Average used               ; 1.00        ;
; Maximum used               ; 1           ;
;                            ;             ;
; Usage by Processor         ; % Time Used ;
;     Processor 1            ; 100.0%      ;
;     Processors 2-8         ;   0.0%      ;
+----------------------------+-------------+


+-----------------------------------------------------------------------------------------------------------------------------------------------------------------------------------+
; Analysis & Synthesis Source Files Read                                                                                                                                            ;
+----------------------------------+-----------------+----------------------------------+---------------------------------------------------------------------------------+---------+
; File Name with User-Entered Path ; Used in Netlist ; File Type                        ; File Name with Absolute Path                                                    ; Library ;
+----------------------------------+-----------------+----------------------------------+---------------------------------------------------------------------------------+---------+
; ../RTL/Touch_key.v               ; yes             ; User Verilog HDL File            ; U:/Projects/FPGA/Examples/14.ROM/RTL/Touch_key.v                                ;         ;
; ../RTL/Seg_LED.v                 ; yes             ; User Verilog HDL File            ; U:/Projects/FPGA/Examples/14.ROM/RTL/Seg_LED.v                                  ;         ;
; ../RTL/Seg_Ctrl.v                ; yes             ; User Verilog HDL File            ; U:/Projects/FPGA/Examples/14.ROM/RTL/Seg_Ctrl.v                                 ;         ;
; ../RTL/ROM_Ctrl.v                ; yes             ; User Verilog HDL File            ; U:/Projects/FPGA/Examples/14.ROM/RTL/ROM_Ctrl.v                                 ;         ;
; ../RTL/ROM.v                     ; yes             ; User Verilog HDL File            ; U:/Projects/FPGA/Examples/14.ROM/RTL/ROM.v                                      ;         ;
; ../RTL/Bin2BCD.v                 ; yes             ; User Verilog HDL File            ; U:/Projects/FPGA/Examples/14.ROM/RTL/Bin2BCD.v                                  ;         ;
; IP_core/rom_256x8/ROM-.mif       ; yes             ; User Memory Initialization File  ; U:/Projects/FPGA/Examples/14.ROM/Project/IP_core/rom_256x8/ROM-.mif             ;         ;
; IP_core/rom_256x8/rom_256x8.v    ; yes             ; User Wizard-Generated File       ; U:/Projects/FPGA/Examples/14.ROM/Project/IP_core/rom_256x8/rom_256x8.v          ;         ;
; altsyncram.tdf                   ; yes             ; Megafunction                     ; d:/altera/quartus ii 13.1/quartus/libraries/megafunctions/altsyncram.tdf        ;         ;
; stratix_ram_block.inc            ; yes             ; Megafunction                     ; d:/altera/quartus ii 13.1/quartus/libraries/megafunctions/stratix_ram_block.inc ;         ;
; lpm_mux.inc                      ; yes             ; Megafunction                     ; d:/altera/quartus ii 13.1/quartus/libraries/megafunctions/lpm_mux.inc           ;         ;
; lpm_decode.inc                   ; yes             ; Megafunction                     ; d:/altera/quartus ii 13.1/quartus/libraries/megafunctions/lpm_decode.inc        ;         ;
; aglobal131.inc                   ; yes             ; Megafunction                     ; d:/altera/quartus ii 13.1/quartus/libraries/megafunctions/aglobal131.inc        ;         ;
; a_rdenreg.inc                    ; yes             ; Megafunction                     ; d:/altera/quartus ii 13.1/quartus/libraries/megafunctions/a_rdenreg.inc         ;         ;
; altrom.inc                       ; yes             ; Megafunction                     ; d:/altera/quartus ii 13.1/quartus/libraries/megafunctions/altrom.inc            ;         ;
; altram.inc                       ; yes             ; Megafunction                     ; d:/altera/quartus ii 13.1/quartus/libraries/megafunctions/altram.inc            ;         ;
; altdpram.inc                     ; yes             ; Megafunction                     ; d:/altera/quartus ii 13.1/quartus/libraries/megafunctions/altdpram.inc          ;         ;
; db/altsyncram_vla1.tdf           ; yes             ; Auto-Generated Megafunction      ; U:/Projects/FPGA/Examples/14.ROM/Project/db/altsyncram_vla1.tdf                 ;         ;
+----------------------------------+-----------------+----------------------------------+---------------------------------------------------------------------------------+---------+


+-------------------------------------------------------------+
; Analysis & Synthesis Resource Usage Summary                 ;
+---------------------------------------------+---------------+
; Resource                                    ; Usage         ;
+---------------------------------------------+---------------+
; Estimated Total logic elements              ; 146           ;
;                                             ;               ;
; Total combinational functions               ; 140           ;
; Logic element usage by number of LUT inputs ;               ;
;     -- 4 input functions                    ; 67            ;
;     -- 3 input functions                    ; 10            ;
;     -- <=2 input functions                  ; 63            ;
;                                             ;               ;
; Logic elements by mode                      ;               ;
;     -- normal mode                          ; 96            ;
;     -- arithmetic mode                      ; 44            ;
;                                             ;               ;
; Total registers                             ; 66            ;
;     -- Dedicated logic registers            ; 66            ;
;     -- I/O registers                        ; 0             ;
;                                             ;               ;
; I/O pins                                    ; 17            ;
; Total memory bits                           ; 2048          ;
; Embedded Multiplier 9-bit elements          ; 0             ;
; Maximum fan-out node                        ; sys_clk~input ;
; Maximum fan-out                             ; 74            ;
; Total fan-out                               ; 746           ;
; Average fan-out                             ; 3.01          ;
+---------------------------------------------+---------------+


+---------------------------------------------------------------------------------------------------------------------------------------------------------------------------------------------------------------------------------------------------------------------+
; Analysis & Synthesis Resource Utilization by Entity                                                                                                                                                                                                                 ;
+-------------------------------------------+-------------------+--------------+-------------+--------------+---------+-----------+------+--------------+----------------------------------------------------------------------------------------------+--------------+
; Compilation Hierarchy Node                ; LC Combinationals ; LC Registers ; Memory Bits ; DSP Elements ; DSP 9x9 ; DSP 18x18 ; Pins ; Virtual Pins ; Full Hierarchy Name                                                                          ; Library Name ;
+-------------------------------------------+-------------------+--------------+-------------+--------------+---------+-----------+------+--------------+----------------------------------------------------------------------------------------------+--------------+
; |ROM                                      ; 140 (1)           ; 66 (0)       ; 2048        ; 0            ; 0       ; 0         ; 17   ; 0            ; |ROM                                                                                         ; work         ;
;    |ROM_Ctrl:ROM_Ctrl_inst|               ; 52 (52)           ; 34 (34)      ; 0           ; 0            ; 0       ; 0         ; 0    ; 0            ; |ROM|ROM_Ctrl:ROM_Ctrl_inst                                                                  ; work         ;
;    |Seg_LED:Seg_LED_inst|                 ; 86 (0)            ; 30 (0)       ; 0           ; 0            ; 0       ; 0         ; 0    ; 0            ; |ROM|Seg_LED:Seg_LED_inst                                                                    ; work         ;
;       |Bin2BCD:Bin2BCD_inst|              ; 24 (24)           ; 0 (0)        ; 0           ; 0            ; 0       ; 0         ; 0    ; 0            ; |ROM|Seg_LED:Seg_LED_inst|Bin2BCD:Bin2BCD_inst                                               ; work         ;
;       |Seg_Ctrl:Seg_Ctrl_inst|            ; 62 (62)           ; 30 (30)      ; 0           ; 0            ; 0       ; 0         ; 0    ; 0            ; |ROM|Seg_LED:Seg_LED_inst|Seg_Ctrl:Seg_Ctrl_inst                                             ; work         ;
;    |Touch_key:Touch_key_inst|             ; 1 (1)             ; 2 (2)        ; 0           ; 0            ; 0       ; 0         ; 0    ; 0            ; |ROM|Touch_key:Touch_key_inst                                                                ; work         ;
;    |rom_256x8:rom_256x8_inst|             ; 0 (0)             ; 0 (0)        ; 2048        ; 0            ; 0       ; 0         ; 0    ; 0            ; |ROM|rom_256x8:rom_256x8_inst                                                                ; work         ;
;       |altsyncram:altsyncram_component|   ; 0 (0)             ; 0 (0)        ; 2048        ; 0            ; 0       ; 0         ; 0    ; 0            ; |ROM|rom_256x8:rom_256x8_inst|altsyncram:altsyncram_component                                ; work         ;
;          |altsyncram_vla1:auto_generated| ; 0 (0)             ; 0 (0)        ; 2048        ; 0            ; 0       ; 0         ; 0    ; 0            ; |ROM|rom_256x8:rom_256x8_inst|altsyncram:altsyncram_component|altsyncram_vla1:auto_generated ; work         ;
+-------------------------------------------+-------------------+--------------+-------------+--------------+---------+-----------+------+--------------+----------------------------------------------------------------------------------------------+--------------+
Note: For table entries with two numbers listed, the numbers in parentheses indicate the number of resources of the given type used by the specific entity alone. The numbers listed outside of parentheses indicate the total resources of the given type used by the specific entity and all of its sub-entities in the hierarchy.


+---------------------------------------------------------------------------------------------------------------------------------------------------------------------------------------------------------------------+
; Analysis & Synthesis RAM Summary                                                                                                                                                                                    ;
+----------------------------------------------------------------------------------------------------+------+------+--------------+--------------+--------------+--------------+------+-------------------------------+
; Name                                                                                               ; Type ; Mode ; Port A Depth ; Port A Width ; Port B Depth ; Port B Width ; Size ; MIF                           ;
+----------------------------------------------------------------------------------------------------+------+------+--------------+--------------+--------------+--------------+------+-------------------------------+
; rom_256x8:rom_256x8_inst|altsyncram:altsyncram_component|altsyncram_vla1:auto_generated|ALTSYNCRAM ; AUTO ; ROM  ; 256          ; 8            ; --           ; --           ; 2048 ; ../IP_core/rom_256x8/ROM-.mif ;
+----------------------------------------------------------------------------------------------------+------+------+--------------+--------------+--------------+--------------+------+-------------------------------+


+------------------------------------------------------------------------------------------------------------------------------------------------------------------------+
; Analysis & Synthesis IP Cores Summary                                                                                                                                  ;
+--------+--------------+---------+--------------+--------------+-------------------------------+------------------------------------------------------------------------+
; Vendor ; IP Core Name ; Version ; Release Date ; License Type ; Entity Instance               ; IP Include File                                                        ;
+--------+--------------+---------+--------------+--------------+-------------------------------+------------------------------------------------------------------------+
; Altera ; ROM: 1-PORT  ; 13.1    ; N/A          ; N/A          ; |ROM|rom_256x8:rom_256x8_inst ; U:/Projects/FPGA/Examples/14.ROM/Project/IP_core/rom_256x8/rom_256x8.v ;
+--------+--------------+---------+--------------+--------------+-------------------------------+------------------------------------------------------------------------+


+-------------------------------------------------------------------------------------------------------------------------+
; Registers Removed During Synthesis                                                                                      ;
+----------------------------------------------------+--------------------------------------------------------------------+
; Register name                                      ; Reason for Removal                                                 ;
+----------------------------------------------------+--------------------------------------------------------------------+
; Seg_LED:Seg_LED_inst|Seg_Ctrl:Seg_Ctrl_inst|seg[7] ; Stuck at VCC due to stuck port data_in                             ;
; ROM_Ctrl:ROM_Ctrl_inst|cnt_val[0]                  ; Merged with Seg_LED:Seg_LED_inst|Seg_Ctrl:Seg_Ctrl_inst|cnt_val[0] ;
; ROM_Ctrl:ROM_Ctrl_inst|cnt_val[1]                  ; Merged with Seg_LED:Seg_LED_inst|Seg_Ctrl:Seg_Ctrl_inst|cnt_val[1] ;
; Total Number of Removed Registers = 3              ;                                                                    ;
+----------------------------------------------------+--------------------------------------------------------------------+


+------------------------------------------------------+
; General Register Statistics                          ;
+----------------------------------------------+-------+
; Statistic                                    ; Value ;
+----------------------------------------------+-------+
; Total registers                              ; 66    ;
; Number of registers using Synchronous Clear  ; 0     ;
; Number of registers using Synchronous Load   ; 8     ;
; Number of registers using Asynchronous Clear ; 66    ;
; Number of registers using Asynchronous Load  ; 0     ;
; Number of registers using Clock Enable       ; 16    ;
; Number of registers using Preset             ; 0     ;
+----------------------------------------------+-------+


+--------------------------------------------------------------+
; Inverted Register Statistics                                 ;
+----------------------------------------------------+---------+
; Inverted Register                                  ; Fan out ;
+----------------------------------------------------+---------+
; Seg_LED:Seg_LED_inst|Seg_Ctrl:Seg_Ctrl_inst|sel[0] ; 6       ;
; Seg_LED:Seg_LED_inst|Seg_Ctrl:Seg_Ctrl_inst|sel[1] ; 11      ;
; Seg_LED:Seg_LED_inst|Seg_Ctrl:Seg_Ctrl_inst|sel[2] ; 9       ;
; Seg_LED:Seg_LED_inst|Seg_Ctrl:Seg_Ctrl_inst|sel[3] ; 4       ;
; Seg_LED:Seg_LED_inst|Seg_Ctrl:Seg_Ctrl_inst|sel[4] ; 5       ;
; Seg_LED:Seg_LED_inst|Seg_Ctrl:Seg_Ctrl_inst|seg[0] ; 1       ;
; Seg_LED:Seg_LED_inst|Seg_Ctrl:Seg_Ctrl_inst|seg[1] ; 1       ;
; Seg_LED:Seg_LED_inst|Seg_Ctrl:Seg_Ctrl_inst|seg[2] ; 1       ;
; Seg_LED:Seg_LED_inst|Seg_Ctrl:Seg_Ctrl_inst|seg[3] ; 1       ;
; Seg_LED:Seg_LED_inst|Seg_Ctrl:Seg_Ctrl_inst|seg[4] ; 1       ;
; Seg_LED:Seg_LED_inst|Seg_Ctrl:Seg_Ctrl_inst|seg[5] ; 1       ;
; Seg_LED:Seg_LED_inst|Seg_Ctrl:Seg_Ctrl_inst|seg[6] ; 1       ;
; ROM_Ctrl:ROM_Ctrl_inst|chg_flag                    ; 1       ;
; Total number of inverted registers = 13            ;         ;
+----------------------------------------------------+---------+


+-------------------------------------------------------------------------------------------------------------------------------------------------------------------------------+
; Multiplexer Restructuring Statistics (Restructuring Performed)                                                                                                                ;
+--------------------+-----------+---------------+----------------------+------------------------+------------+-----------------------------------------------------------------+
; Multiplexer Inputs ; Bus Width ; Baseline Area ; Area if Restructured ; Saving if Restructured ; Registered ; Example Multiplexer Output                                      ;
+--------------------+-----------+---------------+----------------------+------------------------+------------+-----------------------------------------------------------------+
; 4:1                ; 4 bits    ; 8 LEs         ; 4 LEs                ; 4 LEs                  ; Yes        ; |ROM|ROM_Ctrl:ROM_Ctrl_inst|addr[4]                             ;
; 6:1                ; 4 bits    ; 16 LEs        ; 8 LEs                ; 8 LEs                  ; Yes        ; |ROM|ROM_Ctrl:ROM_Ctrl_inst|addr[2]                             ;
; 65:1               ; 2 bits    ; 86 LEs        ; 4 LEs                ; 82 LEs                 ; No         ; |ROM|Seg_LED:Seg_LED_inst|Seg_Ctrl:Seg_Ctrl_inst|display_val[2] ;
; 65:1               ; 2 bits    ; 86 LEs        ; 6 LEs                ; 80 LEs                 ; No         ; |ROM|Seg_LED:Seg_LED_inst|Seg_Ctrl:Seg_Ctrl_inst|display_val[0] ;
+--------------------+-----------+---------------+----------------------+------------------------+------------+-----------------------------------------------------------------+


+----------------------------------------------------------------------------------------------------------------+
; Source assignments for rom_256x8:rom_256x8_inst|altsyncram:altsyncram_component|altsyncram_vla1:auto_generated ;
+---------------------------------+--------------------+------+--------------------------------------------------+
; Assignment                      ; Value              ; From ; To                                               ;
+---------------------------------+--------------------+------+--------------------------------------------------+
; OPTIMIZE_POWER_DURING_SYNTHESIS ; NORMAL_COMPILATION ; -    ; -                                                ;
+---------------------------------+--------------------+------+--------------------------------------------------+


+-------------------------------------------------------------------------------------------------------+
; Parameter Settings for User Entity Instance: rom_256x8:rom_256x8_inst|altsyncram:altsyncram_component ;
+------------------------------------+-------------------------------+----------------------------------+
; Parameter Name                     ; Value                         ; Type                             ;
+------------------------------------+-------------------------------+----------------------------------+
; BYTE_SIZE_BLOCK                    ; 8                             ; Untyped                          ;
; AUTO_CARRY_CHAINS                  ; ON                            ; AUTO_CARRY                       ;
; IGNORE_CARRY_BUFFERS               ; OFF                           ; IGNORE_CARRY                     ;
; AUTO_CASCADE_CHAINS                ; ON                            ; AUTO_CASCADE                     ;
; IGNORE_CASCADE_BUFFERS             ; OFF                           ; IGNORE_CASCADE                   ;
; WIDTH_BYTEENA                      ; 1                             ; Untyped                          ;
; OPERATION_MODE                     ; ROM                           ; Untyped                          ;
; WIDTH_A                            ; 8                             ; Signed Integer                   ;
; WIDTHAD_A                          ; 8                             ; Signed Integer                   ;
; NUMWORDS_A                         ; 256                           ; Signed Integer                   ;
; OUTDATA_REG_A                      ; CLOCK0                        ; Untyped                          ;
; ADDRESS_ACLR_A                     ; NONE                          ; Untyped                          ;
; OUTDATA_ACLR_A                     ; NONE                          ; Untyped                          ;
; WRCONTROL_ACLR_A                   ; NONE                          ; Untyped                          ;
; INDATA_ACLR_A                      ; NONE                          ; Untyped                          ;
; BYTEENA_ACLR_A                     ; NONE                          ; Untyped                          ;
; WIDTH_B                            ; 1                             ; Untyped                          ;
; WIDTHAD_B                          ; 1                             ; Untyped                          ;
; NUMWORDS_B                         ; 1                             ; Untyped                          ;
; INDATA_REG_B                       ; CLOCK1                        ; Untyped                          ;
; WRCONTROL_WRADDRESS_REG_B          ; CLOCK1                        ; Untyped                          ;
; RDCONTROL_REG_B                    ; CLOCK1                        ; Untyped                          ;
; ADDRESS_REG_B                      ; CLOCK1                        ; Untyped                          ;
; OUTDATA_REG_B                      ; UNREGISTERED                  ; Untyped                          ;
; BYTEENA_REG_B                      ; CLOCK1                        ; Untyped                          ;
; INDATA_ACLR_B                      ; NONE                          ; Untyped                          ;
; WRCONTROL_ACLR_B                   ; NONE                          ; Untyped                          ;
; ADDRESS_ACLR_B                     ; NONE                          ; Untyped                          ;
; OUTDATA_ACLR_B                     ; NONE                          ; Untyped                          ;
; RDCONTROL_ACLR_B                   ; NONE                          ; Untyped                          ;
; BYTEENA_ACLR_B                     ; NONE                          ; Untyped                          ;
; WIDTH_BYTEENA_A                    ; 1                             ; Signed Integer                   ;
; WIDTH_BYTEENA_B                    ; 1                             ; Untyped                          ;
; RAM_BLOCK_TYPE                     ; AUTO                          ; Untyped                          ;
; BYTE_SIZE                          ; 8                             ; Untyped                          ;
; READ_DURING_WRITE_MODE_MIXED_PORTS ; DONT_CARE                     ; Untyped                          ;
; READ_DURING_WRITE_MODE_PORT_A      ; NEW_DATA_NO_NBE_READ          ; Untyped                          ;
; READ_DURING_WRITE_MODE_PORT_B      ; NEW_DATA_NO_NBE_READ          ; Untyped                          ;
; INIT_FILE                          ; ../IP_core/rom_256x8/ROM-.mif ; Untyped                          ;
; INIT_FILE_LAYOUT                   ; PORT_A                        ; Untyped                          ;
; MAXIMUM_DEPTH                      ; 0                             ; Untyped                          ;
; CLOCK_ENABLE_INPUT_A               ; BYPASS                        ; Untyped                          ;
; CLOCK_ENABLE_INPUT_B               ; NORMAL                        ; Untyped                          ;
; CLOCK_ENABLE_OUTPUT_A              ; BYPASS                        ; Untyped                          ;
; CLOCK_ENABLE_OUTPUT_B              ; NORMAL                        ; Untyped                          ;
; CLOCK_ENABLE_CORE_A                ; USE_INPUT_CLKEN               ; Untyped                          ;
; CLOCK_ENABLE_CORE_B                ; USE_INPUT_CLKEN               ; Untyped                          ;
; ENABLE_ECC                         ; FALSE                         ; Untyped                          ;
; ECC_PIPELINE_STAGE_ENABLED         ; FALSE                         ; Untyped                          ;
; WIDTH_ECCSTATUS                    ; 3                             ; Untyped                          ;
; DEVICE_FAMILY                      ; Cyclone IV E                  ; Untyped                          ;
; CBXI_PARAMETER                     ; altsyncram_vla1               ; Untyped                          ;
+------------------------------------+-------------------------------+----------------------------------+
Note: In order to hide this table in the UI and the text report file, please set the "Show Parameter Settings in Synthesis Report" option in "Analysis and Synthesis Settings -> More Settings" to "Off".


+------------------------------------------------------------------------------------------+
; Parameter Settings for User Entity Instance: Seg_LED:Seg_LED_inst|Seg_Ctrl:Seg_Ctrl_inst ;
+----------------+------------------+------------------------------------------------------+
; Parameter Name ; Value            ; Type                                                 ;
+----------------+------------------+------------------------------------------------------+
; SEG_0          ; 11000000         ; Unsigned Binary                                      ;
; SEG_1          ; 11111001         ; Unsigned Binary                                      ;
; SEG_2          ; 10100100         ; Unsigned Binary                                      ;
; SEG_3          ; 10110000         ; Unsigned Binary                                      ;
; SEG_4          ; 10011001         ; Unsigned Binary                                      ;
; SEG_5          ; 10010010         ; Unsigned Binary                                      ;
; SEG_6          ; 10000010         ; Unsigned Binary                                      ;
; SEG_7          ; 11111000         ; Unsigned Binary                                      ;
; SEG_8          ; 10000000         ; Unsigned Binary                                      ;
; SEG_9          ; 10010000         ; Unsigned Binary                                      ;
; SEG_A          ; 10001000         ; Unsigned Binary                                      ;
; SEG_B          ; 10000011         ; Unsigned Binary                                      ;
; SEG_C          ; 11000110         ; Unsigned Binary                                      ;
; SEG_D          ; 10100001         ; Unsigned Binary                                      ;
; SEG_E          ; 10000110         ; Unsigned Binary                                      ;
; SEG_F          ; 10001110         ; Unsigned Binary                                      ;
; IDLE           ; 11111111         ; Unsigned Binary                                      ;
; cnt_max        ; 1100001101001111 ; Unsigned Binary                                      ;
+----------------+------------------+------------------------------------------------------+
Note: In order to hide this table in the UI and the text report file, please set the "Show Parameter Settings in Synthesis Report" option in "Analysis and Synthesis Settings -> More Settings" to "Off".


+---------------------------------------------------------------------+
; Parameter Settings for User Entity Instance: ROM_Ctrl:ROM_Ctrl_inst ;
+----------------+--------------------------+-------------------------+
; Parameter Name ; Value                    ; Type                    ;
+----------------+--------------------------+-------------------------+
; cnt_max        ; 010011000100101100111111 ; Unsigned Binary         ;
+----------------+--------------------------+-------------------------+
Note: In order to hide this table in the UI and the text report file, please set the "Show Parameter Settings in Synthesis Report" option in "Analysis and Synthesis Settings -> More Settings" to "Off".


+------------------------------------------------------------------------------------------------------+
; altsyncram Parameter Settings by Entity Instance                                                     ;
+-------------------------------------------+----------------------------------------------------------+
; Name                                      ; Value                                                    ;
+-------------------------------------------+----------------------------------------------------------+
; Number of entity instances                ; 1                                                        ;
; Entity Instance                           ; rom_256x8:rom_256x8_inst|altsyncram:altsyncram_component ;
;     -- OPERATION_MODE                     ; ROM                                                      ;
;     -- WIDTH_A                            ; 8                                                        ;
;     -- NUMWORDS_A                         ; 256                                                      ;
;     -- OUTDATA_REG_A                      ; CLOCK0                                                   ;
;     -- WIDTH_B                            ; 1                                                        ;
;     -- NUMWORDS_B                         ; 1                                                        ;
;     -- ADDRESS_REG_B                      ; CLOCK1                                                   ;
;     -- OUTDATA_REG_B                      ; UNREGISTERED                                             ;
;     -- RAM_BLOCK_TYPE                     ; AUTO                                                     ;
;     -- READ_DURING_WRITE_MODE_MIXED_PORTS ; DONT_CARE                                                ;
+-------------------------------------------+----------------------------------------------------------+


+----------------------------------------------------------+
; Port Connectivity Checks: "Seg_LED:Seg_LED_inst"         ;
+------------------------+-------+----------+--------------+
; Port                   ; Type  ; Severity ; Details      ;
+------------------------+-------+----------+--------------+
; display_val_bin[19..8] ; Input ; Info     ; Stuck at GND ;
+------------------------+-------+----------+--------------+


+-------------------------------+
; Elapsed Time Per Partition    ;
+----------------+--------------+
; Partition Name ; Elapsed Time ;
+----------------+--------------+
; Top            ; 00:00:01     ;
+----------------+--------------+


+-------------------------------+
; Analysis & Synthesis Messages ;
+-------------------------------+
Info: *******************************************************************
Info: Running Quartus II 64-Bit Analysis & Synthesis
    Info: Version 13.1.0 Build 162 10/23/2013 SJ Full Version
    Info: Processing started: Fri Nov 03 22:27:31 2023
Info: Command: quartus_map --read_settings_files=on --write_settings_files=off ROM -c ROM
Info (11104): Parallel Compilation has detected 8 hyper-threaded processors. However, the extra hyper-threaded processors will not be used by default. Parallel Compilation will use 4 of the 4 physical processors detected instead.
Info (12021): Found 1 design units, including 1 entities, in source file /projects/fpga/examples/14.rom/rtl/touch_key.v
    Info (12023): Found entity 1: Touch_key
Info (12021): Found 1 design units, including 1 entities, in source file /projects/fpga/examples/14.rom/rtl/seg_led.v
    Info (12023): Found entity 1: Seg_LED
Info (12021): Found 1 design units, including 1 entities, in source file /projects/fpga/examples/14.rom/rtl/seg_ctrl.v
    Info (12023): Found entity 1: Seg_Ctrl
Info (12021): Found 1 design units, including 1 entities, in source file /projects/fpga/examples/14.rom/rtl/rom_ctrl.v
    Info (12023): Found entity 1: ROM_Ctrl
Info (12021): Found 1 design units, including 1 entities, in source file /projects/fpga/examples/14.rom/rtl/rom.v
    Info (12023): Found entity 1: ROM
Info (12021): Found 1 design units, including 1 entities, in source file /projects/fpga/examples/14.rom/rtl/bin2bcd.v
    Info (12023): Found entity 1: Bin2BCD
Info (12021): Found 1 design units, including 1 entities, in source file ip_core/rom_256x8/rom_256x8.v
    Info (12023): Found entity 1: rom_256x8
Info (12021): Found 1 design units, including 1 entities, in source file /projects/fpga/examples/14.rom/sim/rom_tb.v
    Info (12023): Found entity 1: ROM_TB
Info (12127): Elaborating entity "ROM" for the top level hierarchy
Info (12128): Elaborating entity "rom_256x8" for hierarchy "rom_256x8:rom_256x8_inst"
Info (12128): Elaborating entity "altsyncram" for hierarchy "rom_256x8:rom_256x8_inst|altsyncram:altsyncram_component"
Info (12130): Elaborated megafunction instantiation "rom_256x8:rom_256x8_inst|altsyncram:altsyncram_component"
Info (12133): Instantiated megafunction "rom_256x8:rom_256x8_inst|altsyncram:altsyncram_component" with the following parameter:
    Info (12134): Parameter "address_aclr_a" = "NONE"
    Info (12134): Parameter "clock_enable_input_a" = "BYPASS"
    Info (12134): Parameter "clock_enable_output_a" = "BYPASS"
    Info (12134): Parameter "init_file" = "../IP_core/rom_256x8/ROM-.mif"
    Info (12134): Parameter "intended_device_family" = "Cyclone IV E"
    Info (12134): Parameter "lpm_hint" = "ENABLE_RUNTIME_MOD=NO"
    Info (12134): Parameter "lpm_type" = "altsyncram"
    Info (12134): Parameter "numwords_a" = "256"
    Info (12134): Parameter "operation_mode" = "ROM"
    Info (12134): Parameter "outdata_aclr_a" = "NONE"
    Info (12134): Parameter "outdata_reg_a" = "CLOCK0"
    Info (12134): Parameter "widthad_a" = "8"
    Info (12134): Parameter "width_a" = "8"
    Info (12134): Parameter "width_byteena_a" = "1"
Info (12021): Found 1 design units, including 1 entities, in source file db/altsyncram_vla1.tdf
    Info (12023): Found entity 1: altsyncram_vla1
Info (12128): Elaborating entity "altsyncram_vla1" for hierarchy "rom_256x8:rom_256x8_inst|altsyncram:altsyncram_component|altsyncram_vla1:auto_generated"
Info (12128): Elaborating entity "Seg_LED" for hierarchy "Seg_LED:Seg_LED_inst"
Info (12128): Elaborating entity "Bin2BCD" for hierarchy "Seg_LED:Seg_LED_inst|Bin2BCD:Bin2BCD_inst"
Info (12128): Elaborating entity "Seg_Ctrl" for hierarchy "Seg_LED:Seg_LED_inst|Seg_Ctrl:Seg_Ctrl_inst"
Info (12128): Elaborating entity "Touch_key" for hierarchy "Touch_key:Touch_key_inst"
Warning (10230): Verilog HDL assignment warning at Touch_key.v(21): truncated value with size 32 to match size of target (1)
Info (12128): Elaborating entity "ROM_Ctrl" for hierarchy "ROM_Ctrl:ROM_Ctrl_inst"
Info (13000): Registers with preset signals will power-up high
Info (13003): DEV_CLRn pin will set, and not reset, register with preset signal due to NOT Gate Push-Back
Warning (13024): Output pins are stuck at VCC or GND
    Warning (13410): Pin "seg[7]" is stuck at VCC
Info (286030): Timing-Driven Synthesis is running
Info (16010): Generating hard_block partition "hard_block:auto_generated_inst"
    Info (16011): Adding 0 node(s), including 0 DDIO, 0 PLL, 0 transceiver and 0 LCELL
Info (21057): Implemented 172 device resources after synthesis - the final resource count might be different
    Info (21058): Implemented 3 input pins
    Info (21059): Implemented 14 output pins
    Info (21061): Implemented 147 logic cells
    Info (21064): Implemented 8 RAM segments
Info: Quartus II 64-Bit Analysis & Synthesis was successful. 0 errors, 3 warnings
    Info: Peak virtual memory: 4646 megabytes
    Info: Processing ended: Fri Nov 03 22:27:33 2023
    Info: Elapsed time: 00:00:02
    Info: Total CPU time (on all processors): 00:00:02


